The system is: Linux - 4.8.6-300.fc25.x86_64 - x86_64
Compiling the C compiler identification source file "CMakeCCompilerId.c" succeeded.
Compiler: /usr/bin/cc 
Build flags: 
Id flags: 

The output was:
0


Compilation of the C compiler identification source "CMakeCCompilerId.c" produced "a.out"

The C compiler identification is GNU, found in "/home/lucas/Documents/MainDrive/Programming/OpenCV-3.2/projects/cameraProcessor/cameraProcessor/CMakeFiles/3.6.2/CompilerIdC/a.out"

Compiling the CXX compiler identification source file "CMakeCXXCompilerId.cpp" succeeded.
Compiler: /usr/bin/c++ 
Build flags: 
Id flags: 

The output was:
0


Compilation of the CXX compiler identification source "CMakeCXXCompilerId.cpp" produced "a.out"

The CXX compiler identification is GNU, found in "/home/lucas/Documents/MainDrive/Programming/OpenCV-3.2/projects/cameraProcessor/cameraProcessor/CMakeFiles/3.6.2/CompilerIdCXX/a.out"

Determining if the C compiler works passed with the following output:
Change Dir: /home/lucas/Documents/MainDrive/Programming/OpenCV-3.2/projects/cameraProcessor/cameraProcessor/CMakeFiles/CMakeTmp

Run Build Command:"/usr/bin/gmake" "cmTC_01ca3/fast"
/usr/bin/gmake -f CMakeFiles/cmTC_01ca3.dir/build.make CMakeFiles/cmTC_01ca3.dir/build
gmake[1]: Entering directory '/home/lucas/Documents/MainDrive/Programming/OpenCV-3.2/projects/cameraProcessor/cameraProcessor/CMakeFiles/CMakeTmp'
Building C object CMakeFiles/cmTC_01ca3.dir/testCCompiler.c.o
/usr/bin/cc     -o CMakeFiles/cmTC_01ca3.dir/testCCompiler.c.o   -c /home/lucas/Documents/MainDrive/Programming/OpenCV-3.2/projects/cameraProcessor/cameraProcessor/CMakeFiles/CMakeTmp/testCCompiler.c
Linking C executable cmTC_01ca3
/usr/bin/cmake -E cmake_link_script CMakeFiles/cmTC_01ca3.dir/link.txt --verbose=1
/usr/bin/cc       CMakeFiles/cmTC_01ca3.dir/testCCompiler.c.o  -o cmTC_01ca3 -rdynamic 
gmake[1]: Leaving directory '/home/lucas/Documents/MainDrive/Programming/OpenCV-3.2/projects/cameraProcessor/cameraProcessor/CMakeFiles/CMakeTmp'


Detecting C compiler ABI info compiled with the following output:
Change Dir: /home/lucas/Documents/MainDrive/Programming/OpenCV-3.2/projects/cameraProcessor/cameraProcessor/CMakeFiles/CMakeTmp

Run Build Command:"/usr/bin/gmake" "cmTC_e029b/fast"
/usr/bin/gmake -f CMakeFiles/cmTC_e029b.dir/build.make CMakeFiles/cmTC_e029b.dir/build
gmake[1]: Entering directory '/home/lucas/Documents/MainDrive/Programming/OpenCV-3.2/projects/cameraProcessor/cameraProcessor/CMakeFiles/CMakeTmp'
Building C object CMakeFiles/cmTC_e029b.dir/CMakeCCompilerABI.c.o
/usr/bin/cc     -o CMakeFiles/cmTC_e029b.dir/CMakeCCompilerABI.c.o   -c /usr/share/cmake/Modules/CMakeCCompilerABI.c
Linking C executable cmTC_e029b
/usr/bin/cmake -E cmake_link_script CMakeFiles/cmTC_e029b.dir/link.txt --verbose=1
/usr/bin/cc      -v CMakeFiles/cmTC_e029b.dir/CMakeCCompilerABI.c.o  -o cmTC_e029b -rdynamic  
Using built-in specs.
COLLECT_GCC=/usr/bin/cc
COLLECT_LTO_WRAPPER=/usr/libexec/gcc/x86_64-redhat-linux/6.3.1/lto-wrapper
Target: x86_64-redhat-linux
Configured with: ../configure --enable-bootstrap --enable-languages=c,c++,objc,obj-c++,fortran,ada,go,lto --prefix=/usr --mandir=/usr/share/man --infodir=/usr/share/info --with-bugurl=http://bugzilla.redhat.com/bugzilla --enable-shared --enable-threads=posix --enable-checking=release --enable-multilib --with-system-zlib --enable-__cxa_atexit --disable-libunwind-exceptions --enable-gnu-unique-object --enable-linker-build-id --with-linker-hash-style=gnu --enable-plugin --enable-initfini-array --disable-libgcj --with-isl --enable-libmpx --enable-gnu-indirect-function --with-tune=generic --with-arch_32=i686 --build=x86_64-redhat-linux
Thread model: posix
gcc version 6.3.1 20161221 (Red Hat 6.3.1-1) (GCC) 
COMPILER_PATH=/usr/libexec/gcc/x86_64-redhat-linux/6.3.1/:/usr/libexec/gcc/x86_64-redhat-linux/6.3.1/:/usr/libexec/gcc/x86_64-redhat-linux/:/usr/lib/gcc/x86_64-redhat-linux/6.3.1/:/usr/lib/gcc/x86_64-redhat-linux/
LIBRARY_PATH=/usr/lib/gcc/x86_64-redhat-linux/6.3.1/:/usr/lib/gcc/x86_64-redhat-linux/6.3.1/../../../../lib64/:/lib/../lib64/:/usr/lib/../lib64/:/usr/lib/gcc/x86_64-redhat-linux/6.3.1/../../../:/lib/:/usr/lib/
COLLECT_GCC_OPTIONS='-v' '-o' 'cmTC_e029b' '-rdynamic' '-mtune=generic' '-march=x86-64'
 /usr/libexec/gcc/x86_64-redhat-linux/6.3.1/collect2 -plugin /usr/libexec/gcc/x86_64-redhat-linux/6.3.1/liblto_plugin.so -plugin-opt=/usr/libexec/gcc/x86_64-redhat-linux/6.3.1/lto-wrapper -plugin-opt=-fresolution=/tmp/ccV71yTg.res -plugin-opt=-pass-through=-lgcc -plugin-opt=-pass-through=-lgcc_s -plugin-opt=-pass-through=-lc -plugin-opt=-pass-through=-lgcc -plugin-opt=-pass-through=-lgcc_s --build-id --no-add-needed --eh-frame-hdr --hash-style=gnu -m elf_x86_64 -export-dynamic -dynamic-linker /lib64/ld-linux-x86-64.so.2 -o cmTC_e029b /usr/lib/gcc/x86_64-redhat-linux/6.3.1/../../../../lib64/crt1.o /usr/lib/gcc/x86_64-redhat-linux/6.3.1/../../../../lib64/crti.o /usr/lib/gcc/x86_64-redhat-linux/6.3.1/crtbegin.o -L/usr/lib/gcc/x86_64-redhat-linux/6.3.1 -L/usr/lib/gcc/x86_64-redhat-linux/6.3.1/../../../../lib64 -L/lib/../lib64 -L/usr/lib/../lib64 -L/usr/lib/gcc/x86_64-redhat-linux/6.3.1/../../.. CMakeFiles/cmTC_e029b.dir/CMakeCCompilerABI.c.o -lgcc --as-needed -lgcc_s --no-as-needed -lc -lgcc --as-needed -lgcc_s --no-as-needed /usr/lib/gcc/x86_64-redhat-linux/6.3.1/crtend.o /usr/lib/gcc/x86_64-redhat-linux/6.3.1/../../../../lib64/crtn.o
COLLECT_GCC_OPTIONS='-v' '-o' 'cmTC_e029b' '-rdynamic' '-mtune=generic' '-march=x86-64'
gmake[1]: Leaving directory '/home/lucas/Documents/MainDrive/Programming/OpenCV-3.2/projects/cameraProcessor/cameraProcessor/CMakeFiles/CMakeTmp'


Parsed C implicit link information from above output:
  link line regex: [^( *|.*[/\])(ld|([^/\]+-)?ld|collect2)[^/\]*( |$)]
  ignore line: [Change Dir: /home/lucas/Documents/MainDrive/Programming/OpenCV-3.2/projects/cameraProcessor/cameraProcessor/CMakeFiles/CMakeTmp]
  ignore line: []
  ignore line: [Run Build Command:"/usr/bin/gmake" "cmTC_e029b/fast"]
  ignore line: [/usr/bin/gmake -f CMakeFiles/cmTC_e029b.dir/build.make CMakeFiles/cmTC_e029b.dir/build]
  ignore line: [gmake[1]: Entering directory '/home/lucas/Documents/MainDrive/Programming/OpenCV-3.2/projects/cameraProcessor/cameraProcessor/CMakeFiles/CMakeTmp']
  ignore line: [Building C object CMakeFiles/cmTC_e029b.dir/CMakeCCompilerABI.c.o]
  ignore line: [/usr/bin/cc     -o CMakeFiles/cmTC_e029b.dir/CMakeCCompilerABI.c.o   -c /usr/share/cmake/Modules/CMakeCCompilerABI.c]
  ignore line: [Linking C executable cmTC_e029b]
  ignore line: [/usr/bin/cmake -E cmake_link_script CMakeFiles/cmTC_e029b.dir/link.txt --verbose=1]
  ignore line: [/usr/bin/cc      -v CMakeFiles/cmTC_e029b.dir/CMakeCCompilerABI.c.o  -o cmTC_e029b -rdynamic  ]
  ignore line: [Using built-in specs.]
  ignore line: [COLLECT_GCC=/usr/bin/cc]
  ignore line: [COLLECT_LTO_WRAPPER=/usr/libexec/gcc/x86_64-redhat-linux/6.3.1/lto-wrapper]
  ignore line: [Target: x86_64-redhat-linux]
  ignore line: [Configured with: ../configure --enable-bootstrap --enable-languages=c,c++,objc,obj-c++,fortran,ada,go,lto --prefix=/usr --mandir=/usr/share/man --infodir=/usr/share/info --with-bugurl=http://bugzilla.redhat.com/bugzilla --enable-shared --enable-threads=posix --enable-checking=release --enable-multilib --with-system-zlib --enable-__cxa_atexit --disable-libunwind-exceptions --enable-gnu-unique-object --enable-linker-build-id --with-linker-hash-style=gnu --enable-plugin --enable-initfini-array --disable-libgcj --with-isl --enable-libmpx --enable-gnu-indirect-function --with-tune=generic --with-arch_32=i686 --build=x86_64-redhat-linux]
  ignore line: [Thread model: posix]
  ignore line: [gcc version 6.3.1 20161221 (Red Hat 6.3.1-1) (GCC) ]
  ignore line: [COMPILER_PATH=/usr/libexec/gcc/x86_64-redhat-linux/6.3.1/:/usr/libexec/gcc/x86_64-redhat-linux/6.3.1/:/usr/libexec/gcc/x86_64-redhat-linux/:/usr/lib/gcc/x86_64-redhat-linux/6.3.1/:/usr/lib/gcc/x86_64-redhat-linux/]
  ignore line: [LIBRARY_PATH=/usr/lib/gcc/x86_64-redhat-linux/6.3.1/:/usr/lib/gcc/x86_64-redhat-linux/6.3.1/../../../../lib64/:/lib/../lib64/:/usr/lib/../lib64/:/usr/lib/gcc/x86_64-redhat-linux/6.3.1/../../../:/lib/:/usr/lib/]
  ignore line: [COLLECT_GCC_OPTIONS='-v' '-o' 'cmTC_e029b' '-rdynamic' '-mtune=generic' '-march=x86-64']
  link line: [ /usr/libexec/gcc/x86_64-redhat-linux/6.3.1/collect2 -plugin /usr/libexec/gcc/x86_64-redhat-linux/6.3.1/liblto_plugin.so -plugin-opt=/usr/libexec/gcc/x86_64-redhat-linux/6.3.1/lto-wrapper -plugin-opt=-fresolution=/tmp/ccV71yTg.res -plugin-opt=-pass-through=-lgcc -plugin-opt=-pass-through=-lgcc_s -plugin-opt=-pass-through=-lc -plugin-opt=-pass-through=-lgcc -plugin-opt=-pass-through=-lgcc_s --build-id --no-add-needed --eh-frame-hdr --hash-style=gnu -m elf_x86_64 -export-dynamic -dynamic-linker /lib64/ld-linux-x86-64.so.2 -o cmTC_e029b /usr/lib/gcc/x86_64-redhat-linux/6.3.1/../../../../lib64/crt1.o /usr/lib/gcc/x86_64-redhat-linux/6.3.1/../../../../lib64/crti.o /usr/lib/gcc/x86_64-redhat-linux/6.3.1/crtbegin.o -L/usr/lib/gcc/x86_64-redhat-linux/6.3.1 -L/usr/lib/gcc/x86_64-redhat-linux/6.3.1/../../../../lib64 -L/lib/../lib64 -L/usr/lib/../lib64 -L/usr/lib/gcc/x86_64-redhat-linux/6.3.1/../../.. CMakeFiles/cmTC_e029b.dir/CMakeCCompilerABI.c.o -lgcc --as-needed -lgcc_s --no-as-needed -lc -lgcc --as-needed -lgcc_s --no-as-needed /usr/lib/gcc/x86_64-redhat-linux/6.3.1/crtend.o /usr/lib/gcc/x86_64-redhat-linux/6.3.1/../../../../lib64/crtn.o]
    arg [/usr/libexec/gcc/x86_64-redhat-linux/6.3.1/collect2] ==> ignore
    arg [-plugin] ==> ignore
    arg [/usr/libexec/gcc/x86_64-redhat-linux/6.3.1/liblto_plugin.so] ==> ignore
    arg [-plugin-opt=/usr/libexec/gcc/x86_64-redhat-linux/6.3.1/lto-wrapper] ==> ignore
    arg [-plugin-opt=-fresolution=/tmp/ccV71yTg.res] ==> ignore
    arg [-plugin-opt=-pass-through=-lgcc] ==> ignore
    arg [-plugin-opt=-pass-through=-lgcc_s] ==> ignore
    arg [-plugin-opt=-pass-through=-lc] ==> ignore
    arg [-plugin-opt=-pass-through=-lgcc] ==> ignore
    arg [-plugin-opt=-pass-through=-lgcc_s] ==> ignore
    arg [--build-id] ==> ignore
    arg [--no-add-needed] ==> ignore
    arg [--eh-frame-hdr] ==> ignore
    arg [--hash-style=gnu] ==> ignore
    arg [-m] ==> ignore
    arg [elf_x86_64] ==> ignore
    arg [-export-dynamic] ==> ignore
    arg [-dynamic-linker] ==> ignore
    arg [/lib64/ld-linux-x86-64.so.2] ==> ignore
    arg [-o] ==> ignore
    arg [cmTC_e029b] ==> ignore
    arg [/usr/lib/gcc/x86_64-redhat-linux/6.3.1/../../../../lib64/crt1.o] ==> ignore
    arg [/usr/lib/gcc/x86_64-redhat-linux/6.3.1/../../../../lib64/crti.o] ==> ignore
    arg [/usr/lib/gcc/x86_64-redhat-linux/6.3.1/crtbegin.o] ==> ignore
    arg [-L/usr/lib/gcc/x86_64-redhat-linux/6.3.1] ==> dir [/usr/lib/gcc/x86_64-redhat-linux/6.3.1]
    arg [-L/usr/lib/gcc/x86_64-redhat-linux/6.3.1/../../../../lib64] ==> dir [/usr/lib/gcc/x86_64-redhat-linux/6.3.1/../../../../lib64]
    arg [-L/lib/../lib64] ==> dir [/lib/../lib64]
    arg [-L/usr/lib/../lib64] ==> dir [/usr/lib/../lib64]
    arg [-L/usr/lib/gcc/x86_64-redhat-linux/6.3.1/../../..] ==> dir [/usr/lib/gcc/x86_64-redhat-linux/6.3.1/../../..]
    arg [CMakeFiles/cmTC_e029b.dir/CMakeCCompilerABI.c.o] ==> ignore
    arg [-lgcc] ==> lib [gcc]
    arg [--as-needed] ==> ignore
    arg [-lgcc_s] ==> lib [gcc_s]
    arg [--no-as-needed] ==> ignore
    arg [-lc] ==> lib [c]
    arg [-lgcc] ==> lib [gcc]
    arg [--as-needed] ==> ignore
    arg [-lgcc_s] ==> lib [gcc_s]
    arg [--no-as-needed] ==> ignore
    arg [/usr/lib/gcc/x86_64-redhat-linux/6.3.1/crtend.o] ==> ignore
    arg [/usr/lib/gcc/x86_64-redhat-linux/6.3.1/../../../../lib64/crtn.o] ==> ignore
  remove lib [gcc]
  remove lib [gcc_s]
  remove lib [gcc]
  remove lib [gcc_s]
  collapse library dir [/usr/lib/gcc/x86_64-redhat-linux/6.3.1] ==> [/usr/lib/gcc/x86_64-redhat-linux/6.3.1]
  collapse library dir [/usr/lib/gcc/x86_64-redhat-linux/6.3.1/../../../../lib64] ==> [/usr/lib64]
  collapse library dir [/lib/../lib64] ==> [/lib64]
  collapse library dir [/usr/lib/../lib64] ==> [/usr/lib64]
  collapse library dir [/usr/lib/gcc/x86_64-redhat-linux/6.3.1/../../..] ==> [/usr/lib]
  implicit libs: [c]
  implicit dirs: [/usr/lib/gcc/x86_64-redhat-linux/6.3.1;/usr/lib64;/lib64;/usr/lib]
  implicit fwks: []




Detecting C [-std=c11] compiler features compiled with the following output:
Change Dir: /home/lucas/Documents/MainDrive/Programming/OpenCV-3.2/projects/cameraProcessor/cameraProcessor/CMakeFiles/CMakeTmp

Run Build Command:"/usr/bin/gmake" "cmTC_d24e9/fast"
/usr/bin/gmake -f CMakeFiles/cmTC_d24e9.dir/build.make CMakeFiles/cmTC_d24e9.dir/build
gmake[1]: Entering directory '/home/lucas/Documents/MainDrive/Programming/OpenCV-3.2/projects/cameraProcessor/cameraProcessor/CMakeFiles/CMakeTmp'
Building C object CMakeFiles/cmTC_d24e9.dir/feature_tests.c.o
/usr/bin/cc    -std=c11 -o CMakeFiles/cmTC_d24e9.dir/feature_tests.c.o   -c /home/lucas/Documents/MainDrive/Programming/OpenCV-3.2/projects/cameraProcessor/cameraProcessor/CMakeFiles/feature_tests.c
Linking C executable cmTC_d24e9
/usr/bin/cmake -E cmake_link_script CMakeFiles/cmTC_d24e9.dir/link.txt --verbose=1
/usr/bin/cc       CMakeFiles/cmTC_d24e9.dir/feature_tests.c.o  -o cmTC_d24e9 -rdynamic 
gmake[1]: Leaving directory '/home/lucas/Documents/MainDrive/Programming/OpenCV-3.2/projects/cameraProcessor/cameraProcessor/CMakeFiles/CMakeTmp'


    Feature record: C_FEATURE:1c_function_prototypes
    Feature record: C_FEATURE:1c_restrict
    Feature record: C_FEATURE:1c_static_assert
    Feature record: C_FEATURE:1c_variadic_macros


Detecting C [-std=c99] compiler features compiled with the following output:
Change Dir: /home/lucas/Documents/MainDrive/Programming/OpenCV-3.2/projects/cameraProcessor/cameraProcessor/CMakeFiles/CMakeTmp

Run Build Command:"/usr/bin/gmake" "cmTC_13473/fast"
/usr/bin/gmake -f CMakeFiles/cmTC_13473.dir/build.make CMakeFiles/cmTC_13473.dir/build
gmake[1]: Entering directory '/home/lucas/Documents/MainDrive/Programming/OpenCV-3.2/projects/cameraProcessor/cameraProcessor/CMakeFiles/CMakeTmp'
Building C object CMakeFiles/cmTC_13473.dir/feature_tests.c.o
/usr/bin/cc    -std=c99 -o CMakeFiles/cmTC_13473.dir/feature_tests.c.o   -c /home/lucas/Documents/MainDrive/Programming/OpenCV-3.2/projects/cameraProcessor/cameraProcessor/CMakeFiles/feature_tests.c
Linking C executable cmTC_13473
/usr/bin/cmake -E cmake_link_script CMakeFiles/cmTC_13473.dir/link.txt --verbose=1
/usr/bin/cc       CMakeFiles/cmTC_13473.dir/feature_tests.c.o  -o cmTC_13473 -rdynamic 
gmake[1]: Leaving directory '/home/lucas/Documents/MainDrive/Programming/OpenCV-3.2/projects/cameraProcessor/cameraProcessor/CMakeFiles/CMakeTmp'


    Feature record: C_FEATURE:1c_function_prototypes
    Feature record: C_FEATURE:1c_restrict
    Feature record: C_FEATURE:0c_static_assert
    Feature record: C_FEATURE:1c_variadic_macros


Detecting C [-std=c90] compiler features compiled with the following output:
Change Dir: /home/lucas/Documents/MainDrive/Programming/OpenCV-3.2/projects/cameraProcessor/cameraProcessor/CMakeFiles/CMakeTmp

Run Build Command:"/usr/bin/gmake" "cmTC_05682/fast"
/usr/bin/gmake -f CMakeFiles/cmTC_05682.dir/build.make CMakeFiles/cmTC_05682.dir/build
gmake[1]: Entering directory '/home/lucas/Documents/MainDrive/Programming/OpenCV-3.2/projects/cameraProcessor/cameraProcessor/CMakeFiles/CMakeTmp'
Building C object CMakeFiles/cmTC_05682.dir/feature_tests.c.o
/usr/bin/cc    -std=c90 -o CMakeFiles/cmTC_05682.dir/feature_tests.c.o   -c /home/lucas/Documents/MainDrive/Programming/OpenCV-3.2/projects/cameraProcessor/cameraProcessor/CMakeFiles/feature_tests.c
Linking C executable cmTC_05682
/usr/bin/cmake -E cmake_link_script CMakeFiles/cmTC_05682.dir/link.txt --verbose=1
/usr/bin/cc       CMakeFiles/cmTC_05682.dir/feature_tests.c.o  -o cmTC_05682 -rdynamic 
gmake[1]: Leaving directory '/home/lucas/Documents/MainDrive/Programming/OpenCV-3.2/projects/cameraProcessor/cameraProcessor/CMakeFiles/CMakeTmp'


    Feature record: C_FEATURE:1c_function_prototypes
    Feature record: C_FEATURE:0c_restrict
    Feature record: C_FEATURE:0c_static_assert
    Feature record: C_FEATURE:0c_variadic_macros
Determining if the CXX compiler works passed with the following output:
Change Dir: /home/lucas/Documents/MainDrive/Programming/OpenCV-3.2/projects/cameraProcessor/cameraProcessor/CMakeFiles/CMakeTmp

Run Build Command:"/usr/bin/gmake" "cmTC_0dac6/fast"
/usr/bin/gmake -f CMakeFiles/cmTC_0dac6.dir/build.make CMakeFiles/cmTC_0dac6.dir/build
gmake[1]: Entering directory '/home/lucas/Documents/MainDrive/Programming/OpenCV-3.2/projects/cameraProcessor/cameraProcessor/CMakeFiles/CMakeTmp'
Building CXX object CMakeFiles/cmTC_0dac6.dir/testCXXCompiler.cxx.o
/usr/bin/c++      -o CMakeFiles/cmTC_0dac6.dir/testCXXCompiler.cxx.o -c /home/lucas/Documents/MainDrive/Programming/OpenCV-3.2/projects/cameraProcessor/cameraProcessor/CMakeFiles/CMakeTmp/testCXXCompiler.cxx
Linking CXX executable cmTC_0dac6
/usr/bin/cmake -E cmake_link_script CMakeFiles/cmTC_0dac6.dir/link.txt --verbose=1
/usr/bin/c++        CMakeFiles/cmTC_0dac6.dir/testCXXCompiler.cxx.o  -o cmTC_0dac6 -rdynamic 
gmake[1]: Leaving directory '/home/lucas/Documents/MainDrive/Programming/OpenCV-3.2/projects/cameraProcessor/cameraProcessor/CMakeFiles/CMakeTmp'


Detecting CXX compiler ABI info compiled with the following output:
Change Dir: /home/lucas/Documents/MainDrive/Programming/OpenCV-3.2/projects/cameraProcessor/cameraProcessor/CMakeFiles/CMakeTmp

Run Build Command:"/usr/bin/gmake" "cmTC_bf95e/fast"
/usr/bin/gmake -f CMakeFiles/cmTC_bf95e.dir/build.make CMakeFiles/cmTC_bf95e.dir/build
gmake[1]: Entering directory '/home/lucas/Documents/MainDrive/Programming/OpenCV-3.2/projects/cameraProcessor/cameraProcessor/CMakeFiles/CMakeTmp'
Building CXX object CMakeFiles/cmTC_bf95e.dir/CMakeCXXCompilerABI.cpp.o
/usr/bin/c++      -o CMakeFiles/cmTC_bf95e.dir/CMakeCXXCompilerABI.cpp.o -c /usr/share/cmake/Modules/CMakeCXXCompilerABI.cpp
Linking CXX executable cmTC_bf95e
/usr/bin/cmake -E cmake_link_script CMakeFiles/cmTC_bf95e.dir/link.txt --verbose=1
/usr/bin/c++       -v CMakeFiles/cmTC_bf95e.dir/CMakeCXXCompilerABI.cpp.o  -o cmTC_bf95e -rdynamic  
Using built-in specs.
COLLECT_GCC=/usr/bin/c++
COLLECT_LTO_WRAPPER=/usr/libexec/gcc/x86_64-redhat-linux/6.3.1/lto-wrapper
Target: x86_64-redhat-linux
Configured with: ../configure --enable-bootstrap --enable-languages=c,c++,objc,obj-c++,fortran,ada,go,lto --prefix=/usr --mandir=/usr/share/man --infodir=/usr/share/info --with-bugurl=http://bugzilla.redhat.com/bugzilla --enable-shared --enable-threads=posix --enable-checking=release --enable-multilib --with-system-zlib --enable-__cxa_atexit --disable-libunwind-exceptions --enable-gnu-unique-object --enable-linker-build-id --with-linker-hash-style=gnu --enable-plugin --enable-initfini-array --disable-libgcj --with-isl --enable-libmpx --enable-gnu-indirect-function --with-tune=generic --with-arch_32=i686 --build=x86_64-redhat-linux
Thread model: posix
gcc version 6.3.1 20161221 (Red Hat 6.3.1-1) (GCC) 
COMPILER_PATH=/usr/libexec/gcc/x86_64-redhat-linux/6.3.1/:/usr/libexec/gcc/x86_64-redhat-linux/6.3.1/:/usr/libexec/gcc/x86_64-redhat-linux/:/usr/lib/gcc/x86_64-redhat-linux/6.3.1/:/usr/lib/gcc/x86_64-redhat-linux/
LIBRARY_PATH=/usr/lib/gcc/x86_64-redhat-linux/6.3.1/:/usr/lib/gcc/x86_64-redhat-linux/6.3.1/../../../../lib64/:/lib/../lib64/:/usr/lib/../lib64/:/usr/lib/gcc/x86_64-redhat-linux/6.3.1/../../../:/lib/:/usr/lib/
COLLECT_GCC_OPTIONS='-v' '-o' 'cmTC_bf95e' '-rdynamic' '-shared-libgcc' '-mtune=generic' '-march=x86-64'
 /usr/libexec/gcc/x86_64-redhat-linux/6.3.1/collect2 -plugin /usr/libexec/gcc/x86_64-redhat-linux/6.3.1/liblto_plugin.so -plugin-opt=/usr/libexec/gcc/x86_64-redhat-linux/6.3.1/lto-wrapper -plugin-opt=-fresolution=/tmp/ccqXPWJD.res -plugin-opt=-pass-through=-lgcc_s -plugin-opt=-pass-through=-lgcc -plugin-opt=-pass-through=-lc -plugin-opt=-pass-through=-lgcc_s -plugin-opt=-pass-through=-lgcc --build-id --no-add-needed --eh-frame-hdr --hash-style=gnu -m elf_x86_64 -export-dynamic -dynamic-linker /lib64/ld-linux-x86-64.so.2 -o cmTC_bf95e /usr/lib/gcc/x86_64-redhat-linux/6.3.1/../../../../lib64/crt1.o /usr/lib/gcc/x86_64-redhat-linux/6.3.1/../../../../lib64/crti.o /usr/lib/gcc/x86_64-redhat-linux/6.3.1/crtbegin.o -L/usr/lib/gcc/x86_64-redhat-linux/6.3.1 -L/usr/lib/gcc/x86_64-redhat-linux/6.3.1/../../../../lib64 -L/lib/../lib64 -L/usr/lib/../lib64 -L/usr/lib/gcc/x86_64-redhat-linux/6.3.1/../../.. CMakeFiles/cmTC_bf95e.dir/CMakeCXXCompilerABI.cpp.o -lstdc++ -lm -lgcc_s -lgcc -lc -lgcc_s -lgcc /usr/lib/gcc/x86_64-redhat-linux/6.3.1/crtend.o /usr/lib/gcc/x86_64-redhat-linux/6.3.1/../../../../lib64/crtn.o
COLLECT_GCC_OPTIONS='-v' '-o' 'cmTC_bf95e' '-rdynamic' '-shared-libgcc' '-mtune=generic' '-march=x86-64'
gmake[1]: Leaving directory '/home/lucas/Documents/MainDrive/Programming/OpenCV-3.2/projects/cameraProcessor/cameraProcessor/CMakeFiles/CMakeTmp'


Parsed CXX implicit link information from above output:
  link line regex: [^( *|.*[/\])(ld|([^/\]+-)?ld|collect2)[^/\]*( |$)]
  ignore line: [Change Dir: /home/lucas/Documents/MainDrive/Programming/OpenCV-3.2/projects/cameraProcessor/cameraProcessor/CMakeFiles/CMakeTmp]
  ignore line: []
  ignore line: [Run Build Command:"/usr/bin/gmake" "cmTC_bf95e/fast"]
  ignore line: [/usr/bin/gmake -f CMakeFiles/cmTC_bf95e.dir/build.make CMakeFiles/cmTC_bf95e.dir/build]
  ignore line: [gmake[1]: Entering directory '/home/lucas/Documents/MainDrive/Programming/OpenCV-3.2/projects/cameraProcessor/cameraProcessor/CMakeFiles/CMakeTmp']
  ignore line: [Building CXX object CMakeFiles/cmTC_bf95e.dir/CMakeCXXCompilerABI.cpp.o]
  ignore line: [/usr/bin/c++      -o CMakeFiles/cmTC_bf95e.dir/CMakeCXXCompilerABI.cpp.o -c /usr/share/cmake/Modules/CMakeCXXCompilerABI.cpp]
  ignore line: [Linking CXX executable cmTC_bf95e]
  ignore line: [/usr/bin/cmake -E cmake_link_script CMakeFiles/cmTC_bf95e.dir/link.txt --verbose=1]
  ignore line: [/usr/bin/c++       -v CMakeFiles/cmTC_bf95e.dir/CMakeCXXCompilerABI.cpp.o  -o cmTC_bf95e -rdynamic  ]
  ignore line: [Using built-in specs.]
  ignore line: [COLLECT_GCC=/usr/bin/c++]
  ignore line: [COLLECT_LTO_WRAPPER=/usr/libexec/gcc/x86_64-redhat-linux/6.3.1/lto-wrapper]
  ignore line: [Target: x86_64-redhat-linux]
  ignore line: [Configured with: ../configure --enable-bootstrap --enable-languages=c,c++,objc,obj-c++,fortran,ada,go,lto --prefix=/usr --mandir=/usr/share/man --infodir=/usr/share/info --with-bugurl=http://bugzilla.redhat.com/bugzilla --enable-shared --enable-threads=posix --enable-checking=release --enable-multilib --with-system-zlib --enable-__cxa_atexit --disable-libunwind-exceptions --enable-gnu-unique-object --enable-linker-build-id --with-linker-hash-style=gnu --enable-plugin --enable-initfini-array --disable-libgcj --with-isl --enable-libmpx --enable-gnu-indirect-function --with-tune=generic --with-arch_32=i686 --build=x86_64-redhat-linux]
  ignore line: [Thread model: posix]
  ignore line: [gcc version 6.3.1 20161221 (Red Hat 6.3.1-1) (GCC) ]
  ignore line: [COMPILER_PATH=/usr/libexec/gcc/x86_64-redhat-linux/6.3.1/:/usr/libexec/gcc/x86_64-redhat-linux/6.3.1/:/usr/libexec/gcc/x86_64-redhat-linux/:/usr/lib/gcc/x86_64-redhat-linux/6.3.1/:/usr/lib/gcc/x86_64-redhat-linux/]
  ignore line: [LIBRARY_PATH=/usr/lib/gcc/x86_64-redhat-linux/6.3.1/:/usr/lib/gcc/x86_64-redhat-linux/6.3.1/../../../../lib64/:/lib/../lib64/:/usr/lib/../lib64/:/usr/lib/gcc/x86_64-redhat-linux/6.3.1/../../../:/lib/:/usr/lib/]
  ignore line: [COLLECT_GCC_OPTIONS='-v' '-o' 'cmTC_bf95e' '-rdynamic' '-shared-libgcc' '-mtune=generic' '-march=x86-64']
  link line: [ /usr/libexec/gcc/x86_64-redhat-linux/6.3.1/collect2 -plugin /usr/libexec/gcc/x86_64-redhat-linux/6.3.1/liblto_plugin.so -plugin-opt=/usr/libexec/gcc/x86_64-redhat-linux/6.3.1/lto-wrapper -plugin-opt=-fresolution=/tmp/ccqXPWJD.res -plugin-opt=-pass-through=-lgcc_s -plugin-opt=-pass-through=-lgcc -plugin-opt=-pass-through=-lc -plugin-opt=-pass-through=-lgcc_s -plugin-opt=-pass-through=-lgcc --build-id --no-add-needed --eh-frame-hdr --hash-style=gnu -m elf_x86_64 -export-dynamic -dynamic-linker /lib64/ld-linux-x86-64.so.2 -o cmTC_bf95e /usr/lib/gcc/x86_64-redhat-linux/6.3.1/../../../../lib64/crt1.o /usr/lib/gcc/x86_64-redhat-linux/6.3.1/../../../../lib64/crti.o /usr/lib/gcc/x86_64-redhat-linux/6.3.1/crtbegin.o -L/usr/lib/gcc/x86_64-redhat-linux/6.3.1 -L/usr/lib/gcc/x86_64-redhat-linux/6.3.1/../../../../lib64 -L/lib/../lib64 -L/usr/lib/../lib64 -L/usr/lib/gcc/x86_64-redhat-linux/6.3.1/../../.. CMakeFiles/cmTC_bf95e.dir/CMakeCXXCompilerABI.cpp.o -lstdc++ -lm -lgcc_s -lgcc -lc -lgcc_s -lgcc /usr/lib/gcc/x86_64-redhat-linux/6.3.1/crtend.o /usr/lib/gcc/x86_64-redhat-linux/6.3.1/../../../../lib64/crtn.o]
    arg [/usr/libexec/gcc/x86_64-redhat-linux/6.3.1/collect2] ==> ignore
    arg [-plugin] ==> ignore
    arg [/usr/libexec/gcc/x86_64-redhat-linux/6.3.1/liblto_plugin.so] ==> ignore
    arg [-plugin-opt=/usr/libexec/gcc/x86_64-redhat-linux/6.3.1/lto-wrapper] ==> ignore
    arg [-plugin-opt=-fresolution=/tmp/ccqXPWJD.res] ==> ignore
    arg [-plugin-opt=-pass-through=-lgcc_s] ==> ignore
    arg [-plugin-opt=-pass-through=-lgcc] ==> ignore
    arg [-plugin-opt=-pass-through=-lc] ==> ignore
    arg [-plugin-opt=-pass-through=-lgcc_s] ==> ignore
    arg [-plugin-opt=-pass-through=-lgcc] ==> ignore
    arg [--build-id] ==> ignore
    arg [--no-add-needed] ==> ignore
    arg [--eh-frame-hdr] ==> ignore
    arg [--hash-style=gnu] ==> ignore
    arg [-m] ==> ignore
    arg [elf_x86_64] ==> ignore
    arg [-export-dynamic] ==> ignore
    arg [-dynamic-linker] ==> ignore
    arg [/lib64/ld-linux-x86-64.so.2] ==> ignore
    arg [-o] ==> ignore
    arg [cmTC_bf95e] ==> ignore
    arg [/usr/lib/gcc/x86_64-redhat-linux/6.3.1/../../../../lib64/crt1.o] ==> ignore
    arg [/usr/lib/gcc/x86_64-redhat-linux/6.3.1/../../../../lib64/crti.o] ==> ignore
    arg [/usr/lib/gcc/x86_64-redhat-linux/6.3.1/crtbegin.o] ==> ignore
    arg [-L/usr/lib/gcc/x86_64-redhat-linux/6.3.1] ==> dir [/usr/lib/gcc/x86_64-redhat-linux/6.3.1]
    arg [-L/usr/lib/gcc/x86_64-redhat-linux/6.3.1/../../../../lib64] ==> dir [/usr/lib/gcc/x86_64-redhat-linux/6.3.1/../../../../lib64]
    arg [-L/lib/../lib64] ==> dir [/lib/../lib64]
    arg [-L/usr/lib/../lib64] ==> dir [/usr/lib/../lib64]
    arg [-L/usr/lib/gcc/x86_64-redhat-linux/6.3.1/../../..] ==> dir [/usr/lib/gcc/x86_64-redhat-linux/6.3.1/../../..]
    arg [CMakeFiles/cmTC_bf95e.dir/CMakeCXXCompilerABI.cpp.o] ==> ignore
    arg [-lstdc++] ==> lib [stdc++]
    arg [-lm] ==> lib [m]
    arg [-lgcc_s] ==> lib [gcc_s]
    arg [-lgcc] ==> lib [gcc]
    arg [-lc] ==> lib [c]
    arg [-lgcc_s] ==> lib [gcc_s]
    arg [-lgcc] ==> lib [gcc]
    arg [/usr/lib/gcc/x86_64-redhat-linux/6.3.1/crtend.o] ==> ignore
    arg [/usr/lib/gcc/x86_64-redhat-linux/6.3.1/../../../../lib64/crtn.o] ==> ignore
  remove lib [gcc_s]
  remove lib [gcc]
  remove lib [gcc_s]
  remove lib [gcc]
  collapse library dir [/usr/lib/gcc/x86_64-redhat-linux/6.3.1] ==> [/usr/lib/gcc/x86_64-redhat-linux/6.3.1]
  collapse library dir [/usr/lib/gcc/x86_64-redhat-linux/6.3.1/../../../../lib64] ==> [/usr/lib64]
  collapse library dir [/lib/../lib64] ==> [/lib64]
  collapse library dir [/usr/lib/../lib64] ==> [/usr/lib64]
  collapse library dir [/usr/lib/gcc/x86_64-redhat-linux/6.3.1/../../..] ==> [/usr/lib]
  implicit libs: [stdc++;m;c]
  implicit dirs: [/usr/lib/gcc/x86_64-redhat-linux/6.3.1;/usr/lib64;/lib64;/usr/lib]
  implicit fwks: []




Detecting CXX [-std=c++14] compiler features compiled with the following output:
Change Dir: /home/lucas/Documents/MainDrive/Programming/OpenCV-3.2/projects/cameraProcessor/cameraProcessor/CMakeFiles/CMakeTmp

Run Build Command:"/usr/bin/gmake" "cmTC_aa87a/fast"
/usr/bin/gmake -f CMakeFiles/cmTC_aa87a.dir/build.make CMakeFiles/cmTC_aa87a.dir/build
gmake[1]: Entering directory '/home/lucas/Documents/MainDrive/Programming/OpenCV-3.2/projects/cameraProcessor/cameraProcessor/CMakeFiles/CMakeTmp'
Building CXX object CMakeFiles/cmTC_aa87a.dir/feature_tests.cxx.o
/usr/bin/c++     -std=c++14 -o CMakeFiles/cmTC_aa87a.dir/feature_tests.cxx.o -c /home/lucas/Documents/MainDrive/Programming/OpenCV-3.2/projects/cameraProcessor/cameraProcessor/CMakeFiles/feature_tests.cxx
Linking CXX executable cmTC_aa87a
/usr/bin/cmake -E cmake_link_script CMakeFiles/cmTC_aa87a.dir/link.txt --verbose=1
/usr/bin/c++        CMakeFiles/cmTC_aa87a.dir/feature_tests.cxx.o  -o cmTC_aa87a -rdynamic 
gmake[1]: Leaving directory '/home/lucas/Documents/MainDrive/Programming/OpenCV-3.2/projects/cameraProcessor/cameraProcessor/CMakeFiles/CMakeTmp'


    Feature record: CXX_FEATURE:1cxx_aggregate_default_initializers
    Feature record: CXX_FEATURE:1cxx_alias_templates
    Feature record: CXX_FEATURE:1cxx_alignas
    Feature record: CXX_FEATURE:1cxx_alignof
    Feature record: CXX_FEATURE:1cxx_attributes
    Feature record: CXX_FEATURE:1cxx_attribute_deprecated
    Feature record: CXX_FEATURE:1cxx_auto_type
    Feature record: CXX_FEATURE:1cxx_binary_literals
    Feature record: CXX_FEATURE:1cxx_constexpr
    Feature record: CXX_FEATURE:1cxx_contextual_conversions
    Feature record: CXX_FEATURE:1cxx_decltype
    Feature record: CXX_FEATURE:1cxx_decltype_auto
    Feature record: CXX_FEATURE:1cxx_decltype_incomplete_return_types
    Feature record: CXX_FEATURE:1cxx_default_function_template_args
    Feature record: CXX_FEATURE:1cxx_defaulted_functions
    Feature record: CXX_FEATURE:1cxx_defaulted_move_initializers
    Feature record: CXX_FEATURE:1cxx_delegating_constructors
    Feature record: CXX_FEATURE:1cxx_deleted_functions
    Feature record: CXX_FEATURE:1cxx_digit_separators
    Feature record: CXX_FEATURE:1cxx_enum_forward_declarations
    Feature record: CXX_FEATURE:1cxx_explicit_conversions
    Feature record: CXX_FEATURE:1cxx_extended_friend_declarations
    Feature record: CXX_FEATURE:1cxx_extern_templates
    Feature record: CXX_FEATURE:1cxx_final
    Feature record: CXX_FEATURE:1cxx_func_identifier
    Feature record: CXX_FEATURE:1cxx_generalized_initializers
    Feature record: CXX_FEATURE:1cxx_generic_lambdas
    Feature record: CXX_FEATURE:1cxx_inheriting_constructors
    Feature record: CXX_FEATURE:1cxx_inline_namespaces
    Feature record: CXX_FEATURE:1cxx_lambdas
    Feature record: CXX_FEATURE:1cxx_lambda_init_captures
    Feature record: CXX_FEATURE:1cxx_local_type_template_args
    Feature record: CXX_FEATURE:1cxx_long_long_type
    Feature record: CXX_FEATURE:1cxx_noexcept
    Feature record: CXX_FEATURE:1cxx_nonstatic_member_init
    Feature record: CXX_FEATURE:1cxx_nullptr
    Feature record: CXX_FEATURE:1cxx_override
    Feature record: CXX_FEATURE:1cxx_range_for
    Feature record: CXX_FEATURE:1cxx_raw_string_literals
    Feature record: CXX_FEATURE:1cxx_reference_qualified_functions
    Feature record: CXX_FEATURE:1cxx_relaxed_constexpr
    Feature record: CXX_FEATURE:1cxx_return_type_deduction
    Feature record: CXX_FEATURE:1cxx_right_angle_brackets
    Feature record: CXX_FEATURE:1cxx_rvalue_references
    Feature record: CXX_FEATURE:1cxx_sizeof_member
    Feature record: CXX_FEATURE:1cxx_static_assert
    Feature record: CXX_FEATURE:1cxx_strong_enums
    Feature record: CXX_FEATURE:1cxx_template_template_parameters
    Feature record: CXX_FEATURE:1cxx_thread_local
    Feature record: CXX_FEATURE:1cxx_trailing_return_types
    Feature record: CXX_FEATURE:1cxx_unicode_literals
    Feature record: CXX_FEATURE:1cxx_uniform_initialization
    Feature record: CXX_FEATURE:1cxx_unrestricted_unions
    Feature record: CXX_FEATURE:1cxx_user_literals
    Feature record: CXX_FEATURE:1cxx_variable_templates
    Feature record: CXX_FEATURE:1cxx_variadic_macros
    Feature record: CXX_FEATURE:1cxx_variadic_templates


Detecting CXX [-std=c++11] compiler features compiled with the following output:
Change Dir: /home/lucas/Documents/MainDrive/Programming/OpenCV-3.2/projects/cameraProcessor/cameraProcessor/CMakeFiles/CMakeTmp

Run Build Command:"/usr/bin/gmake" "cmTC_3a3df/fast"
/usr/bin/gmake -f CMakeFiles/cmTC_3a3df.dir/build.make CMakeFiles/cmTC_3a3df.dir/build
gmake[1]: Entering directory '/home/lucas/Documents/MainDrive/Programming/OpenCV-3.2/projects/cameraProcessor/cameraProcessor/CMakeFiles/CMakeTmp'
Building CXX object CMakeFiles/cmTC_3a3df.dir/feature_tests.cxx.o
/usr/bin/c++     -std=c++11 -o CMakeFiles/cmTC_3a3df.dir/feature_tests.cxx.o -c /home/lucas/Documents/MainDrive/Programming/OpenCV-3.2/projects/cameraProcessor/cameraProcessor/CMakeFiles/feature_tests.cxx
Linking CXX executable cmTC_3a3df
/usr/bin/cmake -E cmake_link_script CMakeFiles/cmTC_3a3df.dir/link.txt --verbose=1
/usr/bin/c++        CMakeFiles/cmTC_3a3df.dir/feature_tests.cxx.o  -o cmTC_3a3df -rdynamic 
gmake[1]: Leaving directory '/home/lucas/Documents/MainDrive/Programming/OpenCV-3.2/projects/cameraProcessor/cameraProcessor/CMakeFiles/CMakeTmp'


    Feature record: CXX_FEATURE:0cxx_aggregate_default_initializers
    Feature record: CXX_FEATURE:1cxx_alias_templates
    Feature record: CXX_FEATURE:1cxx_alignas
    Feature record: CXX_FEATURE:1cxx_alignof
    Feature record: CXX_FEATURE:1cxx_attributes
    Feature record: CXX_FEATURE:0cxx_attribute_deprecated
    Feature record: CXX_FEATURE:1cxx_auto_type
    Feature record: CXX_FEATURE:0cxx_binary_literals
    Feature record: CXX_FEATURE:1cxx_constexpr
    Feature record: CXX_FEATURE:0cxx_contextual_conversions
    Feature record: CXX_FEATURE:1cxx_decltype
    Feature record: CXX_FEATURE:0cxx_decltype_auto
    Feature record: CXX_FEATURE:1cxx_decltype_incomplete_return_types
    Feature record: CXX_FEATURE:1cxx_default_function_template_args
    Feature record: CXX_FEATURE:1cxx_defaulted_functions
    Feature record: CXX_FEATURE:1cxx_defaulted_move_initializers
    Feature record: CXX_FEATURE:1cxx_delegating_constructors
    Feature record: CXX_FEATURE:1cxx_deleted_functions
    Feature record: CXX_FEATURE:0cxx_digit_separators
    Feature record: CXX_FEATURE:1cxx_enum_forward_declarations
    Feature record: CXX_FEATURE:1cxx_explicit_conversions
    Feature record: CXX_FEATURE:1cxx_extended_friend_declarations
    Feature record: CXX_FEATURE:1cxx_extern_templates
    Feature record: CXX_FEATURE:1cxx_final
    Feature record: CXX_FEATURE:1cxx_func_identifier
    Feature record: CXX_FEATURE:1cxx_generalized_initializers
    Feature record: CXX_FEATURE:0cxx_generic_lambdas
    Feature record: CXX_FEATURE:1cxx_inheriting_constructors
    Feature record: CXX_FEATURE:1cxx_inline_namespaces
    Feature record: CXX_FEATURE:1cxx_lambdas
    Feature record: CXX_FEATURE:0cxx_lambda_init_captures
    Feature record: CXX_FEATURE:1cxx_local_type_template_args
    Feature record: CXX_FEATURE:1cxx_long_long_type
    Feature record: CXX_FEATURE:1cxx_noexcept
    Feature record: CXX_FEATURE:1cxx_nonstatic_member_init
    Feature record: CXX_FEATURE:1cxx_nullptr
    Feature record: CXX_FEATURE:1cxx_override
    Feature record: CXX_FEATURE:1cxx_range_for
    Feature record: CXX_FEATURE:1cxx_raw_string_literals
    Feature record: CXX_FEATURE:1cxx_reference_qualified_functions
    Feature record: CXX_FEATURE:0cxx_relaxed_constexpr
    Feature record: CXX_FEATURE:0cxx_return_type_deduction
    Feature record: CXX_FEATURE:1cxx_right_angle_brackets
    Feature record: CXX_FEATURE:1cxx_rvalue_references
    Feature record: CXX_FEATURE:1cxx_sizeof_member
    Feature record: CXX_FEATURE:1cxx_static_assert
    Feature record: CXX_FEATURE:1cxx_strong_enums
    Feature record: CXX_FEATURE:1cxx_template_template_parameters
    Feature record: CXX_FEATURE:1cxx_thread_local
    Feature record: CXX_FEATURE:1cxx_trailing_return_types
    Feature record: CXX_FEATURE:1cxx_unicode_literals
    Feature record: CXX_FEATURE:1cxx_uniform_initialization
    Feature record: CXX_FEATURE:1cxx_unrestricted_unions
    Feature record: CXX_FEATURE:1cxx_user_literals
    Feature record: CXX_FEATURE:0cxx_variable_templates
    Feature record: CXX_FEATURE:1cxx_variadic_macros
    Feature record: CXX_FEATURE:1cxx_variadic_templates


Detecting CXX [-std=c++98] compiler features compiled with the following output:
Change Dir: /home/lucas/Documents/MainDrive/Programming/OpenCV-3.2/projects/cameraProcessor/cameraProcessor/CMakeFiles/CMakeTmp

Run Build Command:"/usr/bin/gmake" "cmTC_f6bf6/fast"
/usr/bin/gmake -f CMakeFiles/cmTC_f6bf6.dir/build.make CMakeFiles/cmTC_f6bf6.dir/build
gmake[1]: Entering directory '/home/lucas/Documents/MainDrive/Programming/OpenCV-3.2/projects/cameraProcessor/cameraProcessor/CMakeFiles/CMakeTmp'
Building CXX object CMakeFiles/cmTC_f6bf6.dir/feature_tests.cxx.o
/usr/bin/c++     -std=c++98 -o CMakeFiles/cmTC_f6bf6.dir/feature_tests.cxx.o -c /home/lucas/Documents/MainDrive/Programming/OpenCV-3.2/projects/cameraProcessor/cameraProcessor/CMakeFiles/feature_tests.cxx
Linking CXX executable cmTC_f6bf6
/usr/bin/cmake -E cmake_link_script CMakeFiles/cmTC_f6bf6.dir/link.txt --verbose=1
/usr/bin/c++        CMakeFiles/cmTC_f6bf6.dir/feature_tests.cxx.o  -o cmTC_f6bf6 -rdynamic 
gmake[1]: Leaving directory '/home/lucas/Documents/MainDrive/Programming/OpenCV-3.2/projects/cameraProcessor/cameraProcessor/CMakeFiles/CMakeTmp'


    Feature record: CXX_FEATURE:0cxx_aggregate_default_initializers
    Feature record: CXX_FEATURE:0cxx_alias_templates
    Feature record: CXX_FEATURE:0cxx_alignas
    Feature record: CXX_FEATURE:0cxx_alignof
    Feature record: CXX_FEATURE:0cxx_attributes
    Feature record: CXX_FEATURE:0cxx_attribute_deprecated
    Feature record: CXX_FEATURE:0cxx_auto_type
    Feature record: CXX_FEATURE:0cxx_binary_literals
    Feature record: CXX_FEATURE:0cxx_constexpr
    Feature record: CXX_FEATURE:0cxx_contextual_conversions
    Feature record: CXX_FEATURE:0cxx_decltype
    Feature record: CXX_FEATURE:0cxx_decltype_auto
    Feature record: CXX_FEATURE:0cxx_decltype_incomplete_return_types
    Feature record: CXX_FEATURE:0cxx_default_function_template_args
    Feature record: CXX_FEATURE:0cxx_defaulted_functions
    Feature record: CXX_FEATURE:0cxx_defaulted_move_initializers
    Feature record: CXX_FEATURE:0cxx_delegating_constructors
    Feature record: CXX_FEATURE:0cxx_deleted_functions
    Feature record: CXX_FEATURE:0cxx_digit_separators
    Feature record: CXX_FEATURE:0cxx_enum_forward_declarations
    Feature record: CXX_FEATURE:0cxx_explicit_conversions
    Feature record: CXX_FEATURE:0cxx_extended_friend_declarations
    Feature record: CXX_FEATURE:0cxx_extern_templates
    Feature record: CXX_FEATURE:0cxx_final
    Feature record: CXX_FEATURE:0cxx_func_identifier
    Feature record: CXX_FEATURE:0cxx_generalized_initializers
    Feature record: CXX_FEATURE:0cxx_generic_lambdas
    Feature record: CXX_FEATURE:0cxx_inheriting_constructors
    Feature record: CXX_FEATURE:0cxx_inline_namespaces
    Feature record: CXX_FEATURE:0cxx_lambdas
    Feature record: CXX_FEATURE:0cxx_lambda_init_captures
    Feature record: CXX_FEATURE:0cxx_local_type_template_args
    Feature record: CXX_FEATURE:0cxx_long_long_type
    Feature record: CXX_FEATURE:0cxx_noexcept
    Feature record: CXX_FEATURE:0cxx_nonstatic_member_init
    Feature record: CXX_FEATURE:0cxx_nullptr
    Feature record: CXX_FEATURE:0cxx_override
    Feature record: CXX_FEATURE:0cxx_range_for
    Feature record: CXX_FEATURE:0cxx_raw_string_literals
    Feature record: CXX_FEATURE:0cxx_reference_qualified_functions
    Feature record: CXX_FEATURE:0cxx_relaxed_constexpr
    Feature record: CXX_FEATURE:0cxx_return_type_deduction
    Feature record: CXX_FEATURE:0cxx_right_angle_brackets
    Feature record: CXX_FEATURE:0cxx_rvalue_references
    Feature record: CXX_FEATURE:0cxx_sizeof_member
    Feature record: CXX_FEATURE:0cxx_static_assert
    Feature record: CXX_FEATURE:0cxx_strong_enums
    Feature record: CXX_FEATURE:1cxx_template_template_parameters
    Feature record: CXX_FEATURE:0cxx_thread_local
    Feature record: CXX_FEATURE:0cxx_trailing_return_types
    Feature record: CXX_FEATURE:0cxx_unicode_literals
    Feature record: CXX_FEATURE:0cxx_uniform_initialization
    Feature record: CXX_FEATURE:0cxx_unrestricted_unions
    Feature record: CXX_FEATURE:0cxx_user_literals
    Feature record: CXX_FEATURE:0cxx_variable_templates
    Feature record: CXX_FEATURE:0cxx_variadic_macros
    Feature record: CXX_FEATURE:0cxx_variadic_templates
The system is: Darwin - 17.2.0 - x86_64
Compiling the C compiler identification source file "CMakeCCompilerId.c" succeeded.
Compiler: /Library/Developer/CommandLineTools/usr/bin/cc 
Build flags: 
Id flags:  

The output was:
0


Compilation of the C compiler identification source "CMakeCCompilerId.c" produced "a.out"

The C compiler identification is AppleClang, found in "/Users/lucasbarbosa/Documents/MainDrive/Programming/OpenCV/projects/cameraProcessor/cameraProcessor/CMakeFiles/3.10.0/CompilerIdC/a.out"

Compiling the CXX compiler identification source file "CMakeCXXCompilerId.cpp" succeeded.
Compiler: /Library/Developer/CommandLineTools/usr/bin/c++ 
Build flags: 
Id flags:  

The output was:
0


Compilation of the CXX compiler identification source "CMakeCXXCompilerId.cpp" produced "a.out"

The CXX compiler identification is AppleClang, found in "/Users/lucasbarbosa/Documents/MainDrive/Programming/OpenCV/projects/cameraProcessor/cameraProcessor/CMakeFiles/3.10.0/CompilerIdCXX/a.out"

Determining if the C compiler works passed with the following output:
Change Dir: /Users/lucasbarbosa/Documents/MainDrive/Programming/OpenCV/projects/cameraProcessor/cameraProcessor/CMakeFiles/CMakeTmp

Run Build Command:"/usr/bin/make" "cmTC_44708/fast"
/Library/Developer/CommandLineTools/usr/bin/make -f CMakeFiles/cmTC_44708.dir/build.make CMakeFiles/cmTC_44708.dir/build
Building C object CMakeFiles/cmTC_44708.dir/testCCompiler.c.o
/Library/Developer/CommandLineTools/usr/bin/cc    -o CMakeFiles/cmTC_44708.dir/testCCompiler.c.o   -c /Users/lucasbarbosa/Documents/MainDrive/Programming/OpenCV/projects/cameraProcessor/cameraProcessor/CMakeFiles/CMakeTmp/testCCompiler.c
Linking C executable cmTC_44708
/opt/local/bin/cmake -E cmake_link_script CMakeFiles/cmTC_44708.dir/link.txt --verbose=1
/Library/Developer/CommandLineTools/usr/bin/cc   -Wl,-search_paths_first -Wl,-headerpad_max_install_names   CMakeFiles/cmTC_44708.dir/testCCompiler.c.o  -o cmTC_44708 


Detecting C compiler ABI info compiled with the following output:
Change Dir: /Users/lucasbarbosa/Documents/MainDrive/Programming/OpenCV/projects/cameraProcessor/cameraProcessor/CMakeFiles/CMakeTmp

Run Build Command:"/usr/bin/make" "cmTC_5be22/fast"
/Library/Developer/CommandLineTools/usr/bin/make -f CMakeFiles/cmTC_5be22.dir/build.make CMakeFiles/cmTC_5be22.dir/build
Building C object CMakeFiles/cmTC_5be22.dir/CMakeCCompilerABI.c.o
/Library/Developer/CommandLineTools/usr/bin/cc    -o CMakeFiles/cmTC_5be22.dir/CMakeCCompilerABI.c.o   -c /opt/local/share/cmake-3.10/Modules/CMakeCCompilerABI.c
Linking C executable cmTC_5be22
/opt/local/bin/cmake -E cmake_link_script CMakeFiles/cmTC_5be22.dir/link.txt --verbose=1
/Library/Developer/CommandLineTools/usr/bin/cc   -Wl,-search_paths_first -Wl,-headerpad_max_install_names  -v -Wl,-v CMakeFiles/cmTC_5be22.dir/CMakeCCompilerABI.c.o  -o cmTC_5be22 
Apple LLVM version 9.0.0 (clang-900.0.38)
Target: x86_64-apple-darwin17.2.0
Thread model: posix
InstalledDir: /Library/Developer/CommandLineTools/usr/bin
 "/Library/Developer/CommandLineTools/usr/bin/ld" -demangle -lto_library /Library/Developer/CommandLineTools/usr/lib/libLTO.dylib -dynamic -arch x86_64 -macosx_version_min 10.13.0 -o cmTC_5be22 -search_paths_first -headerpad_max_install_names -v CMakeFiles/cmTC_5be22.dir/CMakeCCompilerABI.c.o -lSystem /Library/Developer/CommandLineTools/usr/lib/clang/9.0.0/lib/darwin/libclang_rt.osx.a
@(#)PROGRAM:ld  PROJECT:ld64-302.3.1
configured to support archs: armv6 armv7 armv7s arm64 i386 x86_64 x86_64h armv6m armv7k armv7m armv7em (tvOS)
Library search paths:
	/usr/lib
	/usr/local/lib
Framework search paths:
	/Library/Frameworks/
	/System/Library/Frameworks/


Parsed C implicit link information from above output:
  link line regex: [^( *|.*[/\])(ld|CMAKE_LINK_STARTFILE-NOTFOUND|([^/\]+-)?ld|collect2)[^/\]*( |$)]
  ignore line: [Change Dir: /Users/lucasbarbosa/Documents/MainDrive/Programming/OpenCV/projects/cameraProcessor/cameraProcessor/CMakeFiles/CMakeTmp]
  ignore line: []
  ignore line: [Run Build Command:"/usr/bin/make" "cmTC_5be22/fast"]
  ignore line: [/Library/Developer/CommandLineTools/usr/bin/make -f CMakeFiles/cmTC_5be22.dir/build.make CMakeFiles/cmTC_5be22.dir/build]
  ignore line: [Building C object CMakeFiles/cmTC_5be22.dir/CMakeCCompilerABI.c.o]
  ignore line: [/Library/Developer/CommandLineTools/usr/bin/cc    -o CMakeFiles/cmTC_5be22.dir/CMakeCCompilerABI.c.o   -c /opt/local/share/cmake-3.10/Modules/CMakeCCompilerABI.c]
  ignore line: [Linking C executable cmTC_5be22]
  ignore line: [/opt/local/bin/cmake -E cmake_link_script CMakeFiles/cmTC_5be22.dir/link.txt --verbose=1]
  ignore line: [/Library/Developer/CommandLineTools/usr/bin/cc   -Wl,-search_paths_first -Wl,-headerpad_max_install_names  -v -Wl,-v CMakeFiles/cmTC_5be22.dir/CMakeCCompilerABI.c.o  -o cmTC_5be22 ]
  ignore line: [Apple LLVM version 9.0.0 (clang-900.0.38)]
  ignore line: [Target: x86_64-apple-darwin17.2.0]
  ignore line: [Thread model: posix]
  ignore line: [InstalledDir: /Library/Developer/CommandLineTools/usr/bin]
  link line: [ "/Library/Developer/CommandLineTools/usr/bin/ld" -demangle -lto_library /Library/Developer/CommandLineTools/usr/lib/libLTO.dylib -dynamic -arch x86_64 -macosx_version_min 10.13.0 -o cmTC_5be22 -search_paths_first -headerpad_max_install_names -v CMakeFiles/cmTC_5be22.dir/CMakeCCompilerABI.c.o -lSystem /Library/Developer/CommandLineTools/usr/lib/clang/9.0.0/lib/darwin/libclang_rt.osx.a]
    arg [/Library/Developer/CommandLineTools/usr/bin/ld] ==> ignore
    arg [-demangle] ==> ignore
    arg [-lto_library] ==> ignore, skip following value
    arg [/Library/Developer/CommandLineTools/usr/lib/libLTO.dylib] ==> skip value of -lto_library
    arg [-dynamic] ==> ignore
    arg [-arch] ==> ignore
    arg [x86_64] ==> ignore
    arg [-macosx_version_min] ==> ignore
    arg [10.13.0] ==> ignore
    arg [-o] ==> ignore
    arg [cmTC_5be22] ==> ignore
    arg [-search_paths_first] ==> ignore
    arg [-headerpad_max_install_names] ==> ignore
    arg [-v] ==> ignore
    arg [CMakeFiles/cmTC_5be22.dir/CMakeCCompilerABI.c.o] ==> ignore
    arg [-lSystem] ==> lib [System]
    arg [/Library/Developer/CommandLineTools/usr/lib/clang/9.0.0/lib/darwin/libclang_rt.osx.a] ==> lib [/Library/Developer/CommandLineTools/usr/lib/clang/9.0.0/lib/darwin/libclang_rt.osx.a]
  Library search paths: [;/usr/lib;/usr/local/lib]
  Framework search paths: [;/Library/Frameworks/;/System/Library/Frameworks/]
  remove lib [System]
  remove lib [/Library/Developer/CommandLineTools/usr/lib/clang/9.0.0/lib/darwin/libclang_rt.osx.a]
  collapse library dir [/usr/lib] ==> [/usr/lib]
  collapse library dir [/usr/local/lib] ==> [/usr/local/lib]
  collapse framework dir [/Library/Frameworks/] ==> [/Library/Frameworks]
  collapse framework dir [/System/Library/Frameworks/] ==> [/System/Library/Frameworks]
  implicit libs: []
  implicit dirs: [/usr/lib;/usr/local/lib]
  implicit fwks: [/Library/Frameworks;/System/Library/Frameworks]




Detecting C [-std=c11] compiler features compiled with the following output:
Change Dir: /Users/lucasbarbosa/Documents/MainDrive/Programming/OpenCV/projects/cameraProcessor/cameraProcessor/CMakeFiles/CMakeTmp

Run Build Command:"/usr/bin/make" "cmTC_35e80/fast"
/Library/Developer/CommandLineTools/usr/bin/make -f CMakeFiles/cmTC_35e80.dir/build.make CMakeFiles/cmTC_35e80.dir/build
Building C object CMakeFiles/cmTC_35e80.dir/feature_tests.c.o
/Library/Developer/CommandLineTools/usr/bin/cc   -std=c11 -o CMakeFiles/cmTC_35e80.dir/feature_tests.c.o   -c /Users/lucasbarbosa/Documents/MainDrive/Programming/OpenCV/projects/cameraProcessor/cameraProcessor/CMakeFiles/feature_tests.c
Linking C executable cmTC_35e80
/opt/local/bin/cmake -E cmake_link_script CMakeFiles/cmTC_35e80.dir/link.txt --verbose=1
/Library/Developer/CommandLineTools/usr/bin/cc   -Wl,-search_paths_first -Wl,-headerpad_max_install_names   CMakeFiles/cmTC_35e80.dir/feature_tests.c.o  -o cmTC_35e80 


    Feature record: C_FEATURE:1c_function_prototypes
    Feature record: C_FEATURE:1c_restrict
    Feature record: C_FEATURE:1c_static_assert
    Feature record: C_FEATURE:1c_variadic_macros


Detecting C [-std=c99] compiler features compiled with the following output:
Change Dir: /Users/lucasbarbosa/Documents/MainDrive/Programming/OpenCV/projects/cameraProcessor/cameraProcessor/CMakeFiles/CMakeTmp

Run Build Command:"/usr/bin/make" "cmTC_d0023/fast"
/Library/Developer/CommandLineTools/usr/bin/make -f CMakeFiles/cmTC_d0023.dir/build.make CMakeFiles/cmTC_d0023.dir/build
Building C object CMakeFiles/cmTC_d0023.dir/feature_tests.c.o
/Library/Developer/CommandLineTools/usr/bin/cc   -std=c99 -o CMakeFiles/cmTC_d0023.dir/feature_tests.c.o   -c /Users/lucasbarbosa/Documents/MainDrive/Programming/OpenCV/projects/cameraProcessor/cameraProcessor/CMakeFiles/feature_tests.c
Linking C executable cmTC_d0023
/opt/local/bin/cmake -E cmake_link_script CMakeFiles/cmTC_d0023.dir/link.txt --verbose=1
/Library/Developer/CommandLineTools/usr/bin/cc   -Wl,-search_paths_first -Wl,-headerpad_max_install_names   CMakeFiles/cmTC_d0023.dir/feature_tests.c.o  -o cmTC_d0023 


    Feature record: C_FEATURE:1c_function_prototypes
    Feature record: C_FEATURE:1c_restrict
    Feature record: C_FEATURE:0c_static_assert
    Feature record: C_FEATURE:1c_variadic_macros


Detecting C [-std=c90] compiler features compiled with the following output:
Change Dir: /Users/lucasbarbosa/Documents/MainDrive/Programming/OpenCV/projects/cameraProcessor/cameraProcessor/CMakeFiles/CMakeTmp

Run Build Command:"/usr/bin/make" "cmTC_a1ba0/fast"
/Library/Developer/CommandLineTools/usr/bin/make -f CMakeFiles/cmTC_a1ba0.dir/build.make CMakeFiles/cmTC_a1ba0.dir/build
Building C object CMakeFiles/cmTC_a1ba0.dir/feature_tests.c.o
/Library/Developer/CommandLineTools/usr/bin/cc   -std=c90 -o CMakeFiles/cmTC_a1ba0.dir/feature_tests.c.o   -c /Users/lucasbarbosa/Documents/MainDrive/Programming/OpenCV/projects/cameraProcessor/cameraProcessor/CMakeFiles/feature_tests.c
Linking C executable cmTC_a1ba0
/opt/local/bin/cmake -E cmake_link_script CMakeFiles/cmTC_a1ba0.dir/link.txt --verbose=1
/Library/Developer/CommandLineTools/usr/bin/cc   -Wl,-search_paths_first -Wl,-headerpad_max_install_names   CMakeFiles/cmTC_a1ba0.dir/feature_tests.c.o  -o cmTC_a1ba0 


    Feature record: C_FEATURE:1c_function_prototypes
    Feature record: C_FEATURE:0c_restrict
    Feature record: C_FEATURE:0c_static_assert
    Feature record: C_FEATURE:0c_variadic_macros
Determining if the CXX compiler works passed with the following output:
Change Dir: /Users/lucasbarbosa/Documents/MainDrive/Programming/OpenCV/projects/cameraProcessor/cameraProcessor/CMakeFiles/CMakeTmp

Run Build Command:"/usr/bin/make" "cmTC_5f167/fast"
/Library/Developer/CommandLineTools/usr/bin/make -f CMakeFiles/cmTC_5f167.dir/build.make CMakeFiles/cmTC_5f167.dir/build
Building CXX object CMakeFiles/cmTC_5f167.dir/testCXXCompiler.cxx.o
/Library/Developer/CommandLineTools/usr/bin/c++     -o CMakeFiles/cmTC_5f167.dir/testCXXCompiler.cxx.o -c /Users/lucasbarbosa/Documents/MainDrive/Programming/OpenCV/projects/cameraProcessor/cameraProcessor/CMakeFiles/CMakeTmp/testCXXCompiler.cxx
Linking CXX executable cmTC_5f167
/opt/local/bin/cmake -E cmake_link_script CMakeFiles/cmTC_5f167.dir/link.txt --verbose=1
/Library/Developer/CommandLineTools/usr/bin/c++    -Wl,-search_paths_first -Wl,-headerpad_max_install_names   CMakeFiles/cmTC_5f167.dir/testCXXCompiler.cxx.o  -o cmTC_5f167 


Detecting CXX compiler ABI info compiled with the following output:
Change Dir: /Users/lucasbarbosa/Documents/MainDrive/Programming/OpenCV/projects/cameraProcessor/cameraProcessor/CMakeFiles/CMakeTmp

Run Build Command:"/usr/bin/make" "cmTC_55270/fast"
/Library/Developer/CommandLineTools/usr/bin/make -f CMakeFiles/cmTC_55270.dir/build.make CMakeFiles/cmTC_55270.dir/build
Building CXX object CMakeFiles/cmTC_55270.dir/CMakeCXXCompilerABI.cpp.o
/Library/Developer/CommandLineTools/usr/bin/c++     -o CMakeFiles/cmTC_55270.dir/CMakeCXXCompilerABI.cpp.o -c /opt/local/share/cmake-3.10/Modules/CMakeCXXCompilerABI.cpp
Linking CXX executable cmTC_55270
/opt/local/bin/cmake -E cmake_link_script CMakeFiles/cmTC_55270.dir/link.txt --verbose=1
/Library/Developer/CommandLineTools/usr/bin/c++    -Wl,-search_paths_first -Wl,-headerpad_max_install_names  -v -Wl,-v CMakeFiles/cmTC_55270.dir/CMakeCXXCompilerABI.cpp.o  -o cmTC_55270 
Apple LLVM version 9.0.0 (clang-900.0.38)
Target: x86_64-apple-darwin17.2.0
Thread model: posix
InstalledDir: /Library/Developer/CommandLineTools/usr/bin
 "/Library/Developer/CommandLineTools/usr/bin/ld" -demangle -lto_library /Library/Developer/CommandLineTools/usr/lib/libLTO.dylib -dynamic -arch x86_64 -macosx_version_min 10.13.0 -o cmTC_55270 -search_paths_first -headerpad_max_install_names -v CMakeFiles/cmTC_55270.dir/CMakeCXXCompilerABI.cpp.o -lc++ -lSystem /Library/Developer/CommandLineTools/usr/lib/clang/9.0.0/lib/darwin/libclang_rt.osx.a
@(#)PROGRAM:ld  PROJECT:ld64-302.3.1
configured to support archs: armv6 armv7 armv7s arm64 i386 x86_64 x86_64h armv6m armv7k armv7m armv7em (tvOS)
Library search paths:
	/usr/lib
	/usr/local/lib
Framework search paths:
	/Library/Frameworks/
	/System/Library/Frameworks/


Parsed CXX implicit link information from above output:
  link line regex: [^( *|.*[/\])(ld|CMAKE_LINK_STARTFILE-NOTFOUND|([^/\]+-)?ld|collect2)[^/\]*( |$)]
  ignore line: [Change Dir: /Users/lucasbarbosa/Documents/MainDrive/Programming/OpenCV/projects/cameraProcessor/cameraProcessor/CMakeFiles/CMakeTmp]
  ignore line: []
  ignore line: [Run Build Command:"/usr/bin/make" "cmTC_55270/fast"]
  ignore line: [/Library/Developer/CommandLineTools/usr/bin/make -f CMakeFiles/cmTC_55270.dir/build.make CMakeFiles/cmTC_55270.dir/build]
  ignore line: [Building CXX object CMakeFiles/cmTC_55270.dir/CMakeCXXCompilerABI.cpp.o]
  ignore line: [/Library/Developer/CommandLineTools/usr/bin/c++     -o CMakeFiles/cmTC_55270.dir/CMakeCXXCompilerABI.cpp.o -c /opt/local/share/cmake-3.10/Modules/CMakeCXXCompilerABI.cpp]
  ignore line: [Linking CXX executable cmTC_55270]
  ignore line: [/opt/local/bin/cmake -E cmake_link_script CMakeFiles/cmTC_55270.dir/link.txt --verbose=1]
  ignore line: [/Library/Developer/CommandLineTools/usr/bin/c++    -Wl,-search_paths_first -Wl,-headerpad_max_install_names  -v -Wl,-v CMakeFiles/cmTC_55270.dir/CMakeCXXCompilerABI.cpp.o  -o cmTC_55270 ]
  ignore line: [Apple LLVM version 9.0.0 (clang-900.0.38)]
  ignore line: [Target: x86_64-apple-darwin17.2.0]
  ignore line: [Thread model: posix]
  ignore line: [InstalledDir: /Library/Developer/CommandLineTools/usr/bin]
  link line: [ "/Library/Developer/CommandLineTools/usr/bin/ld" -demangle -lto_library /Library/Developer/CommandLineTools/usr/lib/libLTO.dylib -dynamic -arch x86_64 -macosx_version_min 10.13.0 -o cmTC_55270 -search_paths_first -headerpad_max_install_names -v CMakeFiles/cmTC_55270.dir/CMakeCXXCompilerABI.cpp.o -lc++ -lSystem /Library/Developer/CommandLineTools/usr/lib/clang/9.0.0/lib/darwin/libclang_rt.osx.a]
    arg [/Library/Developer/CommandLineTools/usr/bin/ld] ==> ignore
    arg [-demangle] ==> ignore
    arg [-lto_library] ==> ignore, skip following value
    arg [/Library/Developer/CommandLineTools/usr/lib/libLTO.dylib] ==> skip value of -lto_library
    arg [-dynamic] ==> ignore
    arg [-arch] ==> ignore
    arg [x86_64] ==> ignore
    arg [-macosx_version_min] ==> ignore
    arg [10.13.0] ==> ignore
    arg [-o] ==> ignore
    arg [cmTC_55270] ==> ignore
    arg [-search_paths_first] ==> ignore
    arg [-headerpad_max_install_names] ==> ignore
    arg [-v] ==> ignore
    arg [CMakeFiles/cmTC_55270.dir/CMakeCXXCompilerABI.cpp.o] ==> ignore
    arg [-lc++] ==> lib [c++]
    arg [-lSystem] ==> lib [System]
    arg [/Library/Developer/CommandLineTools/usr/lib/clang/9.0.0/lib/darwin/libclang_rt.osx.a] ==> lib [/Library/Developer/CommandLineTools/usr/lib/clang/9.0.0/lib/darwin/libclang_rt.osx.a]
  Library search paths: [;/usr/lib;/usr/local/lib]
  Framework search paths: [;/Library/Frameworks/;/System/Library/Frameworks/]
  remove lib [System]
  remove lib [/Library/Developer/CommandLineTools/usr/lib/clang/9.0.0/lib/darwin/libclang_rt.osx.a]
  collapse library dir [/usr/lib] ==> [/usr/lib]
  collapse library dir [/usr/local/lib] ==> [/usr/local/lib]
  collapse framework dir [/Library/Frameworks/] ==> [/Library/Frameworks]
  collapse framework dir [/System/Library/Frameworks/] ==> [/System/Library/Frameworks]
  implicit libs: [c++]
  implicit dirs: [/usr/lib;/usr/local/lib]
  implicit fwks: [/Library/Frameworks;/System/Library/Frameworks]




Detecting CXX [-std=c++1z] compiler features compiled with the following output:
Change Dir: /Users/lucasbarbosa/Documents/MainDrive/Programming/OpenCV/projects/cameraProcessor/cameraProcessor/CMakeFiles/CMakeTmp

Run Build Command:"/usr/bin/make" "cmTC_06da4/fast"
/Library/Developer/CommandLineTools/usr/bin/make -f CMakeFiles/cmTC_06da4.dir/build.make CMakeFiles/cmTC_06da4.dir/build
Building CXX object CMakeFiles/cmTC_06da4.dir/feature_tests.cxx.o
/Library/Developer/CommandLineTools/usr/bin/c++    -std=c++1z -o CMakeFiles/cmTC_06da4.dir/feature_tests.cxx.o -c /Users/lucasbarbosa/Documents/MainDrive/Programming/OpenCV/projects/cameraProcessor/cameraProcessor/CMakeFiles/feature_tests.cxx
Linking CXX executable cmTC_06da4
/opt/local/bin/cmake -E cmake_link_script CMakeFiles/cmTC_06da4.dir/link.txt --verbose=1
/Library/Developer/CommandLineTools/usr/bin/c++    -Wl,-search_paths_first -Wl,-headerpad_max_install_names   CMakeFiles/cmTC_06da4.dir/feature_tests.cxx.o  -o cmTC_06da4 


    Feature record: CXX_FEATURE:1cxx_aggregate_default_initializers
    Feature record: CXX_FEATURE:1cxx_alias_templates
    Feature record: CXX_FEATURE:1cxx_alignas
    Feature record: CXX_FEATURE:1cxx_alignof
    Feature record: CXX_FEATURE:1cxx_attributes
    Feature record: CXX_FEATURE:1cxx_attribute_deprecated
    Feature record: CXX_FEATURE:1cxx_auto_type
    Feature record: CXX_FEATURE:1cxx_binary_literals
    Feature record: CXX_FEATURE:1cxx_constexpr
    Feature record: CXX_FEATURE:1cxx_contextual_conversions
    Feature record: CXX_FEATURE:1cxx_decltype
    Feature record: CXX_FEATURE:1cxx_decltype_auto
    Feature record: CXX_FEATURE:1cxx_decltype_incomplete_return_types
    Feature record: CXX_FEATURE:1cxx_default_function_template_args
    Feature record: CXX_FEATURE:1cxx_defaulted_functions
    Feature record: CXX_FEATURE:1cxx_defaulted_move_initializers
    Feature record: CXX_FEATURE:1cxx_delegating_constructors
    Feature record: CXX_FEATURE:1cxx_deleted_functions
    Feature record: CXX_FEATURE:1cxx_digit_separators
    Feature record: CXX_FEATURE:1cxx_enum_forward_declarations
    Feature record: CXX_FEATURE:1cxx_explicit_conversions
    Feature record: CXX_FEATURE:1cxx_extended_friend_declarations
    Feature record: CXX_FEATURE:1cxx_extern_templates
    Feature record: CXX_FEATURE:1cxx_final
    Feature record: CXX_FEATURE:1cxx_func_identifier
    Feature record: CXX_FEATURE:1cxx_generalized_initializers
    Feature record: CXX_FEATURE:1cxx_generic_lambdas
    Feature record: CXX_FEATURE:1cxx_inheriting_constructors
    Feature record: CXX_FEATURE:1cxx_inline_namespaces
    Feature record: CXX_FEATURE:1cxx_lambdas
    Feature record: CXX_FEATURE:1cxx_lambda_init_captures
    Feature record: CXX_FEATURE:1cxx_local_type_template_args
    Feature record: CXX_FEATURE:1cxx_long_long_type
    Feature record: CXX_FEATURE:1cxx_noexcept
    Feature record: CXX_FEATURE:1cxx_nonstatic_member_init
    Feature record: CXX_FEATURE:1cxx_nullptr
    Feature record: CXX_FEATURE:1cxx_override
    Feature record: CXX_FEATURE:1cxx_range_for
    Feature record: CXX_FEATURE:1cxx_raw_string_literals
    Feature record: CXX_FEATURE:1cxx_reference_qualified_functions
    Feature record: CXX_FEATURE:1cxx_relaxed_constexpr
    Feature record: CXX_FEATURE:1cxx_return_type_deduction
    Feature record: CXX_FEATURE:1cxx_right_angle_brackets
    Feature record: CXX_FEATURE:1cxx_rvalue_references
    Feature record: CXX_FEATURE:1cxx_sizeof_member
    Feature record: CXX_FEATURE:1cxx_static_assert
    Feature record: CXX_FEATURE:1cxx_strong_enums
    Feature record: CXX_FEATURE:1cxx_template_template_parameters
    Feature record: CXX_FEATURE:1cxx_thread_local
    Feature record: CXX_FEATURE:1cxx_trailing_return_types
    Feature record: CXX_FEATURE:1cxx_unicode_literals
    Feature record: CXX_FEATURE:1cxx_uniform_initialization
    Feature record: CXX_FEATURE:1cxx_unrestricted_unions
    Feature record: CXX_FEATURE:1cxx_user_literals
    Feature record: CXX_FEATURE:1cxx_variable_templates
    Feature record: CXX_FEATURE:1cxx_variadic_macros
    Feature record: CXX_FEATURE:1cxx_variadic_templates


Detecting CXX [-std=c++14] compiler features compiled with the following output:
Change Dir: /Users/lucasbarbosa/Documents/MainDrive/Programming/OpenCV/projects/cameraProcessor/cameraProcessor/CMakeFiles/CMakeTmp

Run Build Command:"/usr/bin/make" "cmTC_d4c5a/fast"
/Library/Developer/CommandLineTools/usr/bin/make -f CMakeFiles/cmTC_d4c5a.dir/build.make CMakeFiles/cmTC_d4c5a.dir/build
Building CXX object CMakeFiles/cmTC_d4c5a.dir/feature_tests.cxx.o
/Library/Developer/CommandLineTools/usr/bin/c++    -std=c++14 -o CMakeFiles/cmTC_d4c5a.dir/feature_tests.cxx.o -c /Users/lucasbarbosa/Documents/MainDrive/Programming/OpenCV/projects/cameraProcessor/cameraProcessor/CMakeFiles/feature_tests.cxx
Linking CXX executable cmTC_d4c5a
/opt/local/bin/cmake -E cmake_link_script CMakeFiles/cmTC_d4c5a.dir/link.txt --verbose=1
/Library/Developer/CommandLineTools/usr/bin/c++    -Wl,-search_paths_first -Wl,-headerpad_max_install_names   CMakeFiles/cmTC_d4c5a.dir/feature_tests.cxx.o  -o cmTC_d4c5a 


    Feature record: CXX_FEATURE:1cxx_aggregate_default_initializers
    Feature record: CXX_FEATURE:1cxx_alias_templates
    Feature record: CXX_FEATURE:1cxx_alignas
    Feature record: CXX_FEATURE:1cxx_alignof
    Feature record: CXX_FEATURE:1cxx_attributes
    Feature record: CXX_FEATURE:1cxx_attribute_deprecated
    Feature record: CXX_FEATURE:1cxx_auto_type
    Feature record: CXX_FEATURE:1cxx_binary_literals
    Feature record: CXX_FEATURE:1cxx_constexpr
    Feature record: CXX_FEATURE:1cxx_contextual_conversions
    Feature record: CXX_FEATURE:1cxx_decltype
    Feature record: CXX_FEATURE:1cxx_decltype_auto
    Feature record: CXX_FEATURE:1cxx_decltype_incomplete_return_types
    Feature record: CXX_FEATURE:1cxx_default_function_template_args
    Feature record: CXX_FEATURE:1cxx_defaulted_functions
    Feature record: CXX_FEATURE:1cxx_defaulted_move_initializers
    Feature record: CXX_FEATURE:1cxx_delegating_constructors
    Feature record: CXX_FEATURE:1cxx_deleted_functions
    Feature record: CXX_FEATURE:1cxx_digit_separators
    Feature record: CXX_FEATURE:1cxx_enum_forward_declarations
    Feature record: CXX_FEATURE:1cxx_explicit_conversions
    Feature record: CXX_FEATURE:1cxx_extended_friend_declarations
    Feature record: CXX_FEATURE:1cxx_extern_templates
    Feature record: CXX_FEATURE:1cxx_final
    Feature record: CXX_FEATURE:1cxx_func_identifier
    Feature record: CXX_FEATURE:1cxx_generalized_initializers
    Feature record: CXX_FEATURE:1cxx_generic_lambdas
    Feature record: CXX_FEATURE:1cxx_inheriting_constructors
    Feature record: CXX_FEATURE:1cxx_inline_namespaces
    Feature record: CXX_FEATURE:1cxx_lambdas
    Feature record: CXX_FEATURE:1cxx_lambda_init_captures
    Feature record: CXX_FEATURE:1cxx_local_type_template_args
    Feature record: CXX_FEATURE:1cxx_long_long_type
    Feature record: CXX_FEATURE:1cxx_noexcept
    Feature record: CXX_FEATURE:1cxx_nonstatic_member_init
    Feature record: CXX_FEATURE:1cxx_nullptr
    Feature record: CXX_FEATURE:1cxx_override
    Feature record: CXX_FEATURE:1cxx_range_for
    Feature record: CXX_FEATURE:1cxx_raw_string_literals
    Feature record: CXX_FEATURE:1cxx_reference_qualified_functions
    Feature record: CXX_FEATURE:1cxx_relaxed_constexpr
    Feature record: CXX_FEATURE:1cxx_return_type_deduction
    Feature record: CXX_FEATURE:1cxx_right_angle_brackets
    Feature record: CXX_FEATURE:1cxx_rvalue_references
    Feature record: CXX_FEATURE:1cxx_sizeof_member
    Feature record: CXX_FEATURE:1cxx_static_assert
    Feature record: CXX_FEATURE:1cxx_strong_enums
    Feature record: CXX_FEATURE:1cxx_template_template_parameters
    Feature record: CXX_FEATURE:1cxx_thread_local
    Feature record: CXX_FEATURE:1cxx_trailing_return_types
    Feature record: CXX_FEATURE:1cxx_unicode_literals
    Feature record: CXX_FEATURE:1cxx_uniform_initialization
    Feature record: CXX_FEATURE:1cxx_unrestricted_unions
    Feature record: CXX_FEATURE:1cxx_user_literals
    Feature record: CXX_FEATURE:1cxx_variable_templates
    Feature record: CXX_FEATURE:1cxx_variadic_macros
    Feature record: CXX_FEATURE:1cxx_variadic_templates


Detecting CXX [-std=c++11] compiler features compiled with the following output:
Change Dir: /Users/lucasbarbosa/Documents/MainDrive/Programming/OpenCV/projects/cameraProcessor/cameraProcessor/CMakeFiles/CMakeTmp

Run Build Command:"/usr/bin/make" "cmTC_aa594/fast"
/Library/Developer/CommandLineTools/usr/bin/make -f CMakeFiles/cmTC_aa594.dir/build.make CMakeFiles/cmTC_aa594.dir/build
Building CXX object CMakeFiles/cmTC_aa594.dir/feature_tests.cxx.o
/Library/Developer/CommandLineTools/usr/bin/c++    -std=c++11 -o CMakeFiles/cmTC_aa594.dir/feature_tests.cxx.o -c /Users/lucasbarbosa/Documents/MainDrive/Programming/OpenCV/projects/cameraProcessor/cameraProcessor/CMakeFiles/feature_tests.cxx
Linking CXX executable cmTC_aa594
/opt/local/bin/cmake -E cmake_link_script CMakeFiles/cmTC_aa594.dir/link.txt --verbose=1
/Library/Developer/CommandLineTools/usr/bin/c++    -Wl,-search_paths_first -Wl,-headerpad_max_install_names   CMakeFiles/cmTC_aa594.dir/feature_tests.cxx.o  -o cmTC_aa594 


    Feature record: CXX_FEATURE:0cxx_aggregate_default_initializers
    Feature record: CXX_FEATURE:1cxx_alias_templates
    Feature record: CXX_FEATURE:1cxx_alignas
    Feature record: CXX_FEATURE:1cxx_alignof
    Feature record: CXX_FEATURE:1cxx_attributes
    Feature record: CXX_FEATURE:0cxx_attribute_deprecated
    Feature record: CXX_FEATURE:1cxx_auto_type
    Feature record: CXX_FEATURE:0cxx_binary_literals
    Feature record: CXX_FEATURE:1cxx_constexpr
    Feature record: CXX_FEATURE:0cxx_contextual_conversions
    Feature record: CXX_FEATURE:1cxx_decltype
    Feature record: CXX_FEATURE:0cxx_decltype_auto
    Feature record: CXX_FEATURE:1cxx_decltype_incomplete_return_types
    Feature record: CXX_FEATURE:1cxx_default_function_template_args
    Feature record: CXX_FEATURE:1cxx_defaulted_functions
    Feature record: CXX_FEATURE:1cxx_defaulted_move_initializers
    Feature record: CXX_FEATURE:1cxx_delegating_constructors
    Feature record: CXX_FEATURE:1cxx_deleted_functions
    Feature record: CXX_FEATURE:0cxx_digit_separators
    Feature record: CXX_FEATURE:1cxx_enum_forward_declarations
    Feature record: CXX_FEATURE:1cxx_explicit_conversions
    Feature record: CXX_FEATURE:1cxx_extended_friend_declarations
    Feature record: CXX_FEATURE:1cxx_extern_templates
    Feature record: CXX_FEATURE:1cxx_final
    Feature record: CXX_FEATURE:1cxx_func_identifier
    Feature record: CXX_FEATURE:1cxx_generalized_initializers
    Feature record: CXX_FEATURE:0cxx_generic_lambdas
    Feature record: CXX_FEATURE:1cxx_inheriting_constructors
    Feature record: CXX_FEATURE:1cxx_inline_namespaces
    Feature record: CXX_FEATURE:1cxx_lambdas
    Feature record: CXX_FEATURE:0cxx_lambda_init_captures
    Feature record: CXX_FEATURE:1cxx_local_type_template_args
    Feature record: CXX_FEATURE:1cxx_long_long_type
    Feature record: CXX_FEATURE:1cxx_noexcept
    Feature record: CXX_FEATURE:1cxx_nonstatic_member_init
    Feature record: CXX_FEATURE:1cxx_nullptr
    Feature record: CXX_FEATURE:1cxx_override
    Feature record: CXX_FEATURE:1cxx_range_for
    Feature record: CXX_FEATURE:1cxx_raw_string_literals
    Feature record: CXX_FEATURE:1cxx_reference_qualified_functions
    Feature record: CXX_FEATURE:0cxx_relaxed_constexpr
    Feature record: CXX_FEATURE:0cxx_return_type_deduction
    Feature record: CXX_FEATURE:1cxx_right_angle_brackets
    Feature record: CXX_FEATURE:1cxx_rvalue_references
    Feature record: CXX_FEATURE:1cxx_sizeof_member
    Feature record: CXX_FEATURE:1cxx_static_assert
    Feature record: CXX_FEATURE:1cxx_strong_enums
    Feature record: CXX_FEATURE:1cxx_template_template_parameters
    Feature record: CXX_FEATURE:1cxx_thread_local
    Feature record: CXX_FEATURE:1cxx_trailing_return_types
    Feature record: CXX_FEATURE:1cxx_unicode_literals
    Feature record: CXX_FEATURE:1cxx_uniform_initialization
    Feature record: CXX_FEATURE:1cxx_unrestricted_unions
    Feature record: CXX_FEATURE:1cxx_user_literals
    Feature record: CXX_FEATURE:0cxx_variable_templates
    Feature record: CXX_FEATURE:1cxx_variadic_macros
    Feature record: CXX_FEATURE:1cxx_variadic_templates


Detecting CXX [-std=c++98] compiler features compiled with the following output:
Change Dir: /Users/lucasbarbosa/Documents/MainDrive/Programming/OpenCV/projects/cameraProcessor/cameraProcessor/CMakeFiles/CMakeTmp

Run Build Command:"/usr/bin/make" "cmTC_72f4f/fast"
/Library/Developer/CommandLineTools/usr/bin/make -f CMakeFiles/cmTC_72f4f.dir/build.make CMakeFiles/cmTC_72f4f.dir/build
Building CXX object CMakeFiles/cmTC_72f4f.dir/feature_tests.cxx.o
/Library/Developer/CommandLineTools/usr/bin/c++    -std=c++98 -o CMakeFiles/cmTC_72f4f.dir/feature_tests.cxx.o -c /Users/lucasbarbosa/Documents/MainDrive/Programming/OpenCV/projects/cameraProcessor/cameraProcessor/CMakeFiles/feature_tests.cxx
Linking CXX executable cmTC_72f4f
/opt/local/bin/cmake -E cmake_link_script CMakeFiles/cmTC_72f4f.dir/link.txt --verbose=1
/Library/Developer/CommandLineTools/usr/bin/c++    -Wl,-search_paths_first -Wl,-headerpad_max_install_names   CMakeFiles/cmTC_72f4f.dir/feature_tests.cxx.o  -o cmTC_72f4f 


    Feature record: CXX_FEATURE:0cxx_aggregate_default_initializers
    Feature record: CXX_FEATURE:0cxx_alias_templates
    Feature record: CXX_FEATURE:0cxx_alignas
    Feature record: CXX_FEATURE:0cxx_alignof
    Feature record: CXX_FEATURE:0cxx_attributes
    Feature record: CXX_FEATURE:0cxx_attribute_deprecated
    Feature record: CXX_FEATURE:0cxx_auto_type
    Feature record: CXX_FEATURE:0cxx_binary_literals
    Feature record: CXX_FEATURE:0cxx_constexpr
    Feature record: CXX_FEATURE:0cxx_contextual_conversions
    Feature record: CXX_FEATURE:0cxx_decltype
    Feature record: CXX_FEATURE:0cxx_decltype_auto
    Feature record: CXX_FEATURE:0cxx_decltype_incomplete_return_types
    Feature record: CXX_FEATURE:0cxx_default_function_template_args
    Feature record: CXX_FEATURE:0cxx_defaulted_functions
    Feature record: CXX_FEATURE:0cxx_defaulted_move_initializers
    Feature record: CXX_FEATURE:0cxx_delegating_constructors
    Feature record: CXX_FEATURE:0cxx_deleted_functions
    Feature record: CXX_FEATURE:0cxx_digit_separators
    Feature record: CXX_FEATURE:0cxx_enum_forward_declarations
    Feature record: CXX_FEATURE:0cxx_explicit_conversions
    Feature record: CXX_FEATURE:0cxx_extended_friend_declarations
    Feature record: CXX_FEATURE:0cxx_extern_templates
    Feature record: CXX_FEATURE:0cxx_final
    Feature record: CXX_FEATURE:0cxx_func_identifier
    Feature record: CXX_FEATURE:0cxx_generalized_initializers
    Feature record: CXX_FEATURE:0cxx_generic_lambdas
    Feature record: CXX_FEATURE:0cxx_inheriting_constructors
    Feature record: CXX_FEATURE:0cxx_inline_namespaces
    Feature record: CXX_FEATURE:0cxx_lambdas
    Feature record: CXX_FEATURE:0cxx_lambda_init_captures
    Feature record: CXX_FEATURE:0cxx_local_type_template_args
    Feature record: CXX_FEATURE:0cxx_long_long_type
    Feature record: CXX_FEATURE:0cxx_noexcept
    Feature record: CXX_FEATURE:0cxx_nonstatic_member_init
    Feature record: CXX_FEATURE:0cxx_nullptr
    Feature record: CXX_FEATURE:0cxx_override
    Feature record: CXX_FEATURE:0cxx_range_for
    Feature record: CXX_FEATURE:0cxx_raw_string_literals
    Feature record: CXX_FEATURE:0cxx_reference_qualified_functions
    Feature record: CXX_FEATURE:0cxx_relaxed_constexpr
    Feature record: CXX_FEATURE:0cxx_return_type_deduction
    Feature record: CXX_FEATURE:0cxx_right_angle_brackets
    Feature record: CXX_FEATURE:0cxx_rvalue_references
    Feature record: CXX_FEATURE:0cxx_sizeof_member
    Feature record: CXX_FEATURE:0cxx_static_assert
    Feature record: CXX_FEATURE:0cxx_strong_enums
    Feature record: CXX_FEATURE:1cxx_template_template_parameters
    Feature record: CXX_FEATURE:0cxx_thread_local
    Feature record: CXX_FEATURE:0cxx_trailing_return_types
    Feature record: CXX_FEATURE:0cxx_unicode_literals
    Feature record: CXX_FEATURE:0cxx_uniform_initialization
    Feature record: CXX_FEATURE:0cxx_unrestricted_unions
    Feature record: CXX_FEATURE:0cxx_user_literals
    Feature record: CXX_FEATURE:0cxx_variable_templates
    Feature record: CXX_FEATURE:0cxx_variadic_macros
    Feature record: CXX_FEATURE:0cxx_variadic_templates
